c:\dev\direct9-practice\client\includes\debug\client.pch
c:\dev\direct9-practice\client\includes\debug\vc140.pdb
c:\dev\direct9-practice\client\includes\debug\vc140.idb
c:\dev\direct9-practice\client\includes\debug\stdafx.obj
c:\dev\direct9-practice\client\includes\debug\meshesdemo.obj
c:\dev\direct9-practice\client\includes\debug\multitexturerender.obj
c:\dev\direct9-practice\client\includes\debug\psmultitexture.obj
c:\dev\direct9-practice\client\includes\debug\rttsample.obj
c:\dev\direct9-practice\client\includes\debug\shadedcube.obj
c:\dev\direct9-practice\client\includes\debug\shadedquad.obj
c:\dev\direct9-practice\client\includes\debug\shadersample.obj
c:\dev\direct9-practice\client\includes\debug\simpledeferred.obj
c:\dev\direct9-practice\client\includes\debug\stencilmirror.obj
c:\dev\direct9-practice\client\includes\debug\stencilmirrorshadow.obj
c:\dev\direct9-practice\client\includes\debug\stencilshadow.obj
c:\dev\direct9-practice\client\includes\debug\teapot.obj
c:\dev\direct9-practice\client\includes\debug\texcube.obj
c:\dev\direct9-practice\client\includes\debug\texquad.obj
c:\dev\direct9-practice\client\includes\debug\texturealpha.obj
c:\dev\direct9-practice\client\includes\debug\triangle.obj
c:\dev\direct9-practice\client\includes\debug\vertextypes.obj
c:\dev\direct9-practice\client\includes\debug\vstransform.obj
c:\dev\direct9-practice\client\includes\debug\xfile.obj
c:\dev\direct9-practice\client\includes\debug\client.obj
c:\dev\direct9-practice\client\includes\debug\addressmodes.obj
c:\dev\direct9-practice\client\includes\debug\colortriangle.obj
c:\dev\direct9-practice\client\includes\debug\cube.obj
c:\dev\direct9-practice\client\includes\debug\deferredwithlight.obj
c:\dev\direct9-practice\client\includes\debug\democube.obj
c:\dev\direct9-practice\client\includes\debug\demomanager.obj
c:\dev\direct9-practice\client\includes\debug\directionallight.obj
c:\dev\direct9-practice\client\includes\debug\fxquaddemo.obj
c:\dev\direct9-practice\client\includes\debug\fxsample.obj
c:\dev\direct9-practice\client\includes\debug\hlsltestdemo.obj
c:\dev\direct9-practice\client\includes\debug\idemo.obj
c:\dev\direct9-practice\client\includes\debug\lighthelper.obj
c:\dev\direct9-practice\client\includes\debug\litpyramid.obj
c:\dev\direct9-practice\client\includes\debug\mainapp.obj
c:\dev\direct9-practice\client\includes\debug\materialalpha.obj
c:\dev\direct9-practice\client\includes\debug\materialhelper.obj
c:\dev\direct9-practice\client\bin\client.ilk
c:\dev\direct9-practice\client\bin\client.exe
c:\dev\direct9-practice\client\bin\client.pdb
c:\dev\direct9-practice\client\includes\debug\client.res
c:\dev\direct9-practice\client\includes\../bin/client.exe
c:\dev\direct9-practice\client\includes\debug\client.tlog\cl.command.1.tlog
c:\dev\direct9-practice\client\includes\debug\client.tlog\cl.read.1.tlog
c:\dev\direct9-practice\client\includes\debug\client.tlog\cl.write.1.tlog
c:\dev\direct9-practice\client\includes\debug\client.tlog\link.command.1.tlog
c:\dev\direct9-practice\client\includes\debug\client.tlog\link.read.1.tlog
c:\dev\direct9-practice\client\includes\debug\client.tlog\link.write.1.tlog
c:\dev\direct9-practice\client\includes\debug\client.tlog\rc.command.1.tlog
c:\dev\direct9-practice\client\includes\debug\client.tlog\rc.read.1.tlog
c:\dev\direct9-practice\client\includes\debug\client.tlog\rc.write.1.tlog
